Arguments: 
  C:\Program Files\nodejs\node.exe C:\Users\KevinGiorgioToledoDe\AppData\Roaming\npm\node_modules\yarn\bin\yarn.js install

PATH: 
  C:\ProgramData\DockerDesktop\version-bin;C:\Program Files\Docker\Docker\Resources\bin;C:\Program Files (x86)\Common Files\Oracle\Java\javapath;C:\ProgramData\Oracle\Java\javapath;C:\Program Files (x86)\Intel\iCLS Client\;C:\Program Files\Intel\iCLS Client\;C:\Windows\system32;C:\Windows;C:\Windows\System32\Wbem;C:\Windows\System32\WindowsPowerShell\v1.0\;C:\Program Files (x86)\Intel\Intel(R) Management Engine Components\DAL;C:\Program Files\Intel\Intel(R) Management Engine Components\DAL;C:\Program Files (x86)\Intel\Intel(R) Management Engine Components\IPT;C:\Program Files\Intel\Intel(R) Management Engine Components\IPT;C:\Program Files\Microsoft VS Code\bin;C:\Program Files\kubectl;C:\Program Files\helm\windows-amd64;C:\Program Files\IBM\Cloud\bin;C:\WINDOWS\system32;C:\WINDOWS;C:\WINDOWS\System32\Wbem;C:\WINDOWS\System32\WindowsPowerShell\v1.0\;C:\WINDOWS\System32\OpenSSH\;C:\Program Files\nodejs\;C:\Program Files\Git\cmd;C:\WINDOWS\System32,C:\Program Files\Java\jdk1.8.0_191\bin;C:\Program Files\Java\jdk1.8.0_191\bin;C:\Program Files\Intel\WiFi\bin\;C:\Program Files\Common Files\Intel\WirelessCommon\;C:\Go\bin;C:\spring\spring-2.1.6.RELEASE\bin;C:\apache-maven-3.6.1-bin\apache-maven-3.6.1\bin;C:\Users\KevinGiorgioToledoDe\AppData\Local\Programs\Python\Python37\Scripts\;C:\Users\KevinGiorgioToledoDe\AppData\Local\Programs\Python\Python37\;C:\Users\KevinGiorgioToledoDe\AppData\Local\Microsoft\WindowsApps;C:\Users\KevinGiorgioToledoDe\Documents\WindowsPowerShell\Scripts;C:\Users\KevinGiorgioToledoDe\AppData\Local\Microsoft\WindowsApps;C:\Program Files\nodejs\;C:\Program Files\heroku\bin;C:\Users\KevinGiorgioToledoDe\AppData\Roaming\npm;C:\Program Files\JetBrains\IntelliJ IDEA 2018.3\bin;;C:\Users\KevinGiorgioToledoDe\go\bin;C:\Program Files\JetBrains\PyCharm Community Edition 2019.1.2\bin;;C:\Program Files\JetBrains\IntelliJ IDEA Community Edition 2019.1.3\bin;;C:\spring\spring-2.1.6.RELEASE\bin;C:\apache-maven-3.6.1-bin\apache-maven-3.6.1\bin;

Yarn version: 
  1.13.0

Node version: 
  10.12.0

Platform: 
  win32 x64

Trace: 
  Error: getaddrinfo ENOTFOUND registry.yarnpkg.com registry.yarnpkg.com:443
      at GetAddrInfoReqWrap.onlookup [as oncomplete] (dns.js:57:26)

npm manifest: 
  {
    "main": "node_modules/expo/AppEntry.js",
    "scripts": {
      "start": "expo start",
      "android": "expo start --android",
      "ios": "expo start --ios",
      "web": "expo start --web",
      "eject": "expo eject"
    },
    "dependencies": {
      "expo": "^33.0.0",
      "react": "16.8.3",
      "react-dom": "^16.8.6",
      "react-native": "https://github.com/expo/react-native/archive/sdk-33.0.0.tar.gz",
      "react-native-web": "^0.11.4"
    },
    "devDependencies": {
      "babel-preset-expo": "^5.1.1"
    },
    "private": true
  }

yarn manifest: 
  No manifest

Lockfile: 
  No lockfile
